<?xml version="1.0" encoding="UTF-8"?>
<!-- Generated by org.testng.reporters.JUnitReportReporter -->
<testsuite hostname="WRO1-LDL-P11439" name="Registration9gag.AppTest" tests="1" failures="0" timestamp="27 Mar 2020 17:52:16 GMT" time="0.002" errors="0">
  <testcase name="shouldAnswerWithTrue" time="0.002" classname="Registration9gag.AppTest"/>
</testsuite> <!-- Registration9gag.AppTest -->
